<?xml version="1.0" encoding="UTF-8"?>
<!-- Generated by org.testng.reporters.JUnitReportReporter -->
<testsuite hostname="ha" name="com.framework.Demo1" tests="2" failures="0" timestamp="17 Aug 2016 05:08:20 GMT" time="0.015" errors="0">
  <testcase name="test1" time="0.015" classname="com.framework.Demo1"/>
  <testcase name="test2" time="0.000" classname="com.framework.Demo1"/>
</testsuite> <!-- com.framework.Demo1 -->
