<?xml version="1.0" encoding="UTF-8"?>
<!-- Generated by org.testng.reporters.JUnitReportReporter -->
<testsuite hostname="ha" name="com.framework.Demo1" tests="1" failures="0" timestamp="17 Aug 2016 08:52:28 GMT" time="0.016" errors="0">
  <testcase name="test1" time="0.016" classname="com.framework.Demo1"/>
</testsuite> <!-- com.framework.Demo1 -->
